
> modlume@0.1.0 build
> next build --turbopack

   ▲ Next.js 15.5.19 (Turbopack)

   Creating an optimized production build ...
 ✓ Finished writing to disk in 945ms
 ✓ Compiled successfully in 16.9s
   Linting and checking validity of types ...

./src/app/mods/[slug]/page.tsx
12:3  Warning: 'Star' is defined but never used.  @typescript-eslint/no-unused-vars

./src/app/page.tsx
2:78  Warning: 'Sparkles' is defined but never used.  @typescript-eslint/no-unused-vars
2:88  Warning: 'Grid3X3' is defined but never used.  @typescript-eslint/no-unused-vars
2:97  Warning: 'TrendingUp' is defined but never used.  @typescript-eslint/no-unused-vars
5:3  Warning: 'MotionDiv' is defined but never used.  @typescript-eslint/no-unused-vars
6:3  Warning: 'MotionSection' is defined but never used.  @typescript-eslint/no-unused-vars
7:3  Warning: 'MotionH1' is defined but never used.  @typescript-eslint/no-unused-vars
8:3  Warning: 'MotionP' is defined but never used.  @typescript-eslint/no-unused-vars
9:3  Warning: 'fadeUp' is defined but never used.  @typescript-eslint/no-unused-vars
10:3  Warning: 'staggerContainer' is defined but never used.  @typescript-eslint/no-unused-vars
102:37  Warning: 'i' is defined but never used.  @typescript-eslint/no-unused-vars
183:37  Warning: 'i' is defined but never used.  @typescript-eslint/no-unused-vars
226:32  Warning: 'i' is defined but never used.  @typescript-eslint/no-unused-vars

./src/app/shaders/[slug]/page.tsx
7:3  Warning: 'Calendar' is defined but never used.  @typescript-eslint/no-unused-vars
14:3  Warning: 'Eye' is defined but never used.  @typescript-eslint/no-unused-vars

./src/components/navbar.tsx
7:48  Warning: 'Star' is defined but never used.  @typescript-eslint/no-unused-vars

info  - Need to disable some ESLint rules? Learn more here: https://nextjs.org/docs/app/api-reference/config/eslint#disabling-rules
   Collecting page data ...
   Generating static pages (0/20) ...
   Generating static pages (5/20) 
   Generating static pages (10/20) 
   Generating static pages (15/20) 
 ✓ Generating static pages (20/20)
   Finalizing page optimization ...
   Collecting build traces ...

Route (app)                         Size  First Load JS  Revalidate  Expire
┌ ○ /                                0 B         204 kB
├ ○ /_not-found                      0 B         204 kB
├ ○ /about                           0 B         204 kB
├ ○ /admin                       11.6 kB         216 kB
├ ƒ /api/download/[filename]         0 B            0 B
├ ○ /categories                      0 B         204 kB          5m      1y
├ ○ /contact                         0 B         204 kB
├ ○ /mods                            0 B         204 kB
├ ƒ /mods/[slug]                     0 B         204 kB
├ ƒ /popular                         0 B         212 kB
├ ○ /privacy                         0 B         204 kB
├ ƒ /recent                          0 B         212 kB
├ ○ /robots.txt                      0 B            0 B
├ ƒ /search                          0 B         212 kB
├ ƒ /shaders                         0 B         212 kB
├ ƒ /shaders/[slug]              7.78 kB         212 kB
├ ○ /sitemap.xml                     0 B            0 B
├ ○ /terms                           0 B         204 kB
├ ƒ /trending                        0 B         212 kB
└ ○ /tutorial                        0 B         204 kB
+ First Load JS shared by all     219 kB
  ├ chunks/235d6bf3a14b5b25.js   59.2 kB
  ├ chunks/2610923d06877076.js   40.9 kB
  ├ chunks/4753c229f5f6a782.js   18.9 kB
  ├ chunks/8082ab48faca5ea1.js   17.2 kB
  ├ chunks/a157df406910df56.js   10.6 kB
  ├ chunks/f8a9db6745e9c4d0.js     21 kB
  ├ chunks/fe953d7479eeff08.css  15.2 kB
  └ other shared chunks (total)  36.5 kB


○  (Static)   prerendered as static content
ƒ  (Dynamic)  server-rendered on demand

